info it worked if it ends with ok
verbose cli [ 'C:\\Program Files\\nodejs\\\\node.exe',
verbose cli   'C:\\Program Files\\nodejs\\node_modules\\npm\\bin\\npm-cli.js',
verbose cli   'install',
verbose cli   'node-http-proxy' ]
info using npm@1.1.12
info using node@v0.6.14
verbose C:\Program Files\nodejs\\node.exe node symlink
verbose config file C:\Users\Lee\.npmrc
verbose config file C:\Program Files\nodejs\etc\npmrc
verbose config file C:\Program Files\nodejs\node_modules\npm\npmrc
verbose mkdir done: C:\Users\Lee\AppData\Roaming\npm 755
verbose mkdir done: C:\Users\Lee\Desktop\sayhs23_street 755
verbose caching C:\Users\Lee\Desktop\sayhs23_street\package.json
verbose loadDefaults sayhs23lhs@0.0.1
verbose caching C:\Users\Lee\Desktop\sayhs23_street\node_modules\cloud9\package.json
verbose loadDefaults cloud9@0.5.1
verbose caching C:\Users\Lee\Desktop\sayhs23_street\node_modules\connect\package.json
verbose loadDefaults connect@1.7.2
verbose caching C:\Users\Lee\Desktop\sayhs23_street\node_modules\connect-mongodb\package.json
verbose loadDefaults connect-mongodb@1.0.0
verbose caching C:\Users\Lee\Desktop\sayhs23_street\node_modules\express\package.json
verbose caching C:\Users\Lee\Desktop\sayhs23_street\node_modules\hashish\package.json
verbose loadDefaults hashish@0.0.4
verbose caching C:\Users\Lee\Desktop\sayhs23_street\node_modules\http-proxy\package.json
verbose caching C:\Users\Lee\Desktop\sayhs23_street\node_modules\jade\package.json
verbose caching C:\Users\Lee\Desktop\sayhs23_street\node_modules\mime\package.json
verbose loadDefaults mime@1.2.4
verbose caching C:\Users\Lee\Desktop\sayhs23_street\node_modules\ejs\package.json
verbose loadDefaults ejs@0.7.1
verbose caching C:\Users\Lee\Desktop\sayhs23_street\node_modules\mkdirp\package.json
verbose loadDefaults mkdirp@0.0.7
verbose caching C:\Users\Lee\Desktop\sayhs23_street\node_modules\mysql\package.json
verbose loadDefaults mysql@0.9.5
verbose caching C:\Users\Lee\Desktop\sayhs23_street\node_modules\node-schedule\package.json
verbose loadDefaults node-schedule@0.1.5
verbose caching C:\Users\Lee\Desktop\sayhs23_street\node_modules\policyfile\package.json
verbose loadDefaults policyfile@0.0.4
verbose caching C:\Users\Lee\Desktop\sayhs23_street\node_modules\qs\package.json
verbose loadDefaults qs@0.3.1
verbose caching C:\Users\Lee\Desktop\sayhs23_street\node_modules\request\package.json
verbose loadDefaults request@2.9.100
verbose caching C:\Users\Lee\Desktop\sayhs23_street\node_modules\socket.io\package.json
verbose loadDefaults socket.io@0.8.2
verbose caching C:\Users\Lee\Desktop\sayhs23_street\node_modules\socket.io-client\package.json
verbose loadDefaults socket.io-client@0.8.2
verbose caching C:\Users\Lee\Desktop\sayhs23_street\node_modules\restler\package.json
verbose loadDefaults restler@0.2.5
verbose caching C:\Users\Lee\Desktop\sayhs23_street\node_modules\traverse\package.json
verbose loadDefaults traverse@0.5.1
verbose caching C:\Users\Lee\Desktop\sayhs23_street\node_modules\uglify-js\package.json
verbose loadDefaults uglify-js@1.0.6
verbose caching C:\Users\Lee\Desktop\sayhs23_street\node_modules\websocket-client\package.json
verbose loadDefaults websocket-client@1.0.0
verbose caching C:\Users\Lee\Desktop\sayhs23_street\node_modules\xmlhttprequest\package.json
verbose loadDefaults xmlhttprequest@1.2.2
verbose caching C:\Users\Lee\Desktop\sayhs23_street\node_modules\redis\package.json
verbose loadDefaults redis@0.6.6
verbose caching C:\Users\Lee\Desktop\sayhs23_street\node_modules\npm\package.json
verbose loadDefaults npm@1.1.0-beta-4
verbose caching C:\Users\Lee\Desktop\sayhs23_street\node_modules\mongodb\package.json
verbose loadDefaults mongodb@0.9.6-23
verbose caching C:\Users\Lee\Desktop\sayhs23_street\node_modules\express-csrf\package.json
verbose loadDefaults express-csrf@0.3.3
verbose from cache C:\Users\Lee\Desktop\sayhs23_street\package.json
verbose readDependencies: using package.json deps
verbose cache add [ 'node-http-proxy', null ]
silly cache add: name, spec, args [ undefined, 'node-http-proxy', [ 'node-http-proxy', null ] ]
verbose parsed url { pathname: 'node-http-proxy',
verbose parsed url   path: 'node-http-proxy',
verbose parsed url   href: 'node-http-proxy' }
verbose addNamed [ 'node-http-proxy', '' ]
verbose addNamed [ null, '' ]
silly name, range, hasData [ 'node-http-proxy', '', false ]
verbose raw, before any munging node-http-proxy
verbose url resolving [ 'https://registry.npmjs.org/', './node-http-proxy' ]
verbose url resolved https://registry.npmjs.org/node-http-proxy
http GET https://registry.npmjs.org/node-http-proxy
http 404 https://registry.npmjs.org/node-http-proxy
silly get cb [ 404,
silly get cb   { server: 'CouchDB/1.2.0 (Erlang OTP/R15B)',
silly get cb     date: 'Tue, 10 Jul 2012 08:25:51 GMT',
silly get cb     'content-type': 'application/json',
silly get cb     'content-length': '52',
silly get cb     'cache-control': 'must-revalidate' } ]
ERR! 404 'node-http-proxy' is not in the npm registry.
ERR! 404 You should bug the author to publish it
ERR! 404 Maybe try 'npm search http proxy'
ERR! 404 Note that you can also install from a
ERR! 404 tarball, folder, or http url, or git url.
ERR! 
ERR! System Windows_NT 6.1.7600
ERR! command "C:\\Program Files\\nodejs\\\\node.exe" "C:\\Program Files\\nodejs\\node_modules\\npm\\bin\\npm-cli.js" "install" "node-http-proxy"
ERR! cwd C:\Users\Lee\Desktop\sayhs23_street
ERR! node -v v0.6.14
ERR! npm -v 1.1.12
ERR! code E404
ERR! message 404 Not Found: node-http-proxy
ERR! errno {}
verbose exit [ 1, true ]
